0 info it worked if it ends with ok
1 verbose cli [ 'D:\\nodist\\bin\\\\node.exe',
1 verbose cli   'D:\\nodist\\bin\\node_modules\\npm\\cli.js',
1 verbose cli   'publish' ]
2 info using npm@1.3.11
3 info using node@v0.10.20
4 verbose node symlink D:\nodist\bin\\node.exe
5 verbose publish [ '.' ]
6 verbose cache add [ '.', null ]
7 verbose cache add name=undefined spec="." args=[".",null]
8 verbose parsed url { protocol: null,
8 verbose parsed url   slashes: null,
8 verbose parsed url   auth: null,
8 verbose parsed url   host: null,
8 verbose parsed url   port: null,
8 verbose parsed url   hostname: null,
8 verbose parsed url   hash: null,
8 verbose parsed url   search: null,
8 verbose parsed url   query: null,
8 verbose parsed url   pathname: '.',
8 verbose parsed url   path: '.',
8 verbose parsed url   href: '.' }
9 silly lockFile 3a52ce78- .
10 verbose lock . C:\Users\Administrator\AppData\Roaming\npm-cache\3a52ce78-.lock
11 verbose tar pack [ 'C:\\Users\\ADMINI~1\\AppData\\Local\\Temp\\npm-12568-9sBN4qgw\\1383384059615-0.3601805616635829\\tmp.tgz',
11 verbose tar pack   '.' ]
12 verbose tarball C:\Users\ADMINI~1\AppData\Local\Temp\npm-12568-9sBN4qgw\1383384059615-0.3601805616635829\tmp.tgz
13 verbose folder .
14 silly lockFile 1f1177db-tar tar://.
15 verbose lock tar://. C:\Users\Administrator\AppData\Roaming\npm-cache\1f1177db-tar.lock
16 silly lockFile 20f12924-59615-0-3601805616635829-tmp-tgz tar://C:\Users\ADMINI~1\AppData\Local\Temp\npm-12568-9sBN4qgw\1383384059615-0.3601805616635829\tmp.tgz
17 verbose lock tar://C:\Users\ADMINI~1\AppData\Local\Temp\npm-12568-9sBN4qgw\1383384059615-0.3601805616635829\tmp.tgz C:\Users\Administrator\AppData\Roaming\npm-cache\20f12924-59615-0-3601805616635829-tmp-tgz.lock
18 silly lockFile 1f1177db-tar tar://.
19 silly lockFile 1f1177db-tar tar://.
20 silly lockFile 20f12924-59615-0-3601805616635829-tmp-tgz tar://C:\Users\ADMINI~1\AppData\Local\Temp\npm-12568-9sBN4qgw\1383384059615-0.3601805616635829\tmp.tgz
21 silly lockFile 20f12924-59615-0-3601805616635829-tmp-tgz tar://C:\Users\ADMINI~1\AppData\Local\Temp\npm-12568-9sBN4qgw\1383384059615-0.3601805616635829\tmp.tgz
22 verbose tar unpack C:\Users\ADMINI~1\AppData\Local\Temp\npm-12568-9sBN4qgw\1383384059615-0.3601805616635829\tmp.tgz
23 silly lockFile f89fcf25-59615-0-3601805616635829-package tar://C:\Users\ADMINI~1\AppData\Local\Temp\npm-12568-9sBN4qgw\1383384059615-0.3601805616635829\package
24 verbose lock tar://C:\Users\ADMINI~1\AppData\Local\Temp\npm-12568-9sBN4qgw\1383384059615-0.3601805616635829\package C:\Users\Administrator\AppData\Roaming\npm-cache\f89fcf25-59615-0-3601805616635829-package.lock
25 silly lockFile 20f12924-59615-0-3601805616635829-tmp-tgz tar://C:\Users\ADMINI~1\AppData\Local\Temp\npm-12568-9sBN4qgw\1383384059615-0.3601805616635829\tmp.tgz
26 verbose lock tar://C:\Users\ADMINI~1\AppData\Local\Temp\npm-12568-9sBN4qgw\1383384059615-0.3601805616635829\tmp.tgz C:\Users\Administrator\AppData\Roaming\npm-cache\20f12924-59615-0-3601805616635829-tmp-tgz.lock
27 silly gunzTarPerm modes [ '755', '644' ]
28 silly gunzTarPerm extractEntry package.json
29 silly gunzTarPerm modified mode [ 'package.json', 438, 420 ]
30 silly gunzTarPerm extractEntry README.md
31 silly gunzTarPerm modified mode [ 'README.md', 438, 420 ]
32 silly gunzTarPerm extractEntry index.js
33 silly gunzTarPerm modified mode [ 'index.js', 438, 420 ]
34 silly gunzTarPerm extractEntry .idea/.name
35 silly gunzTarPerm modified mode [ '.idea/.name', 438, 420 ]
36 silly gunzTarPerm extractEntry .idea/encodings.xml
37 silly gunzTarPerm modified mode [ '.idea/encodings.xml', 438, 420 ]
38 silly gunzTarPerm extractEntry .idea/misc.xml
39 silly gunzTarPerm modified mode [ '.idea/misc.xml', 438, 420 ]
40 silly gunzTarPerm extractEntry .idea/modules.xml
41 silly gunzTarPerm modified mode [ '.idea/modules.xml', 438, 420 ]
42 silly gunzTarPerm extractEntry .idea/scopes/scope_settings.xml
43 silly gunzTarPerm modified mode [ '.idea/scopes/scope_settings.xml', 438, 420 ]
44 silly gunzTarPerm extractEntry .idea/stuwebfk.iml
45 silly gunzTarPerm modified mode [ '.idea/stuwebfk.iml', 438, 420 ]
46 silly gunzTarPerm extractEntry .idea/vcs.xml
47 silly gunzTarPerm modified mode [ '.idea/vcs.xml', 438, 420 ]
48 silly gunzTarPerm extractEntry .idea/workspace.xml
49 silly gunzTarPerm modified mode [ '.idea/workspace.xml', 438, 420 ]
50 silly gunzTarPerm extractEntry example01/show_middle/middle01.js
51 silly gunzTarPerm modified mode [ 'example01/show_middle/middle01.js', 438, 420 ]
52 silly gunzTarPerm extractEntry example01/show_middle/middle02.js
53 silly gunzTarPerm modified mode [ 'example01/show_middle/middle02.js', 438, 420 ]
54 silly gunzTarPerm extractEntry example01/show_middle/run.js
55 silly gunzTarPerm modified mode [ 'example01/show_middle/run.js', 438, 420 ]
56 silly gunzTarPerm extractEntry example01/test_method/run.js
57 silly gunzTarPerm modified mode [ 'example01/test_method/run.js', 438, 420 ]
58 silly gunzTarPerm extractEntry example01/test_method/public/page.html
59 silly gunzTarPerm modified mode [ 'example01/test_method/public/page.html', 438, 420 ]
60 silly gunzTarPerm extractEntry lib/App.js
61 silly gunzTarPerm modified mode [ 'lib/App.js', 438, 420 ]
62 silly gunzTarPerm extractEntry lib/static.js
63 silly gunzTarPerm modified mode [ 'lib/static.js', 438, 420 ]
64 silly lockFile f89fcf25-59615-0-3601805616635829-package tar://C:\Users\ADMINI~1\AppData\Local\Temp\npm-12568-9sBN4qgw\1383384059615-0.3601805616635829\package
65 silly lockFile f89fcf25-59615-0-3601805616635829-package tar://C:\Users\ADMINI~1\AppData\Local\Temp\npm-12568-9sBN4qgw\1383384059615-0.3601805616635829\package
66 silly lockFile 20f12924-59615-0-3601805616635829-tmp-tgz tar://C:\Users\ADMINI~1\AppData\Local\Temp\npm-12568-9sBN4qgw\1383384059615-0.3601805616635829\tmp.tgz
67 silly lockFile 20f12924-59615-0-3601805616635829-tmp-tgz tar://C:\Users\ADMINI~1\AppData\Local\Temp\npm-12568-9sBN4qgw\1383384059615-0.3601805616635829\tmp.tgz
68 verbose tar pack [ 'C:\\Users\\Administrator\\AppData\\Roaming\\npm-cache\\winkyfirstnode\\0.0.2\\package.tgz',
68 verbose tar pack   'C:\\Users\\ADMINI~1\\AppData\\Local\\Temp\\npm-12568-9sBN4qgw\\1383384059615-0.3601805616635829\\package' ]
69 verbose tarball C:\Users\Administrator\AppData\Roaming\npm-cache\winkyfirstnode\0.0.2\package.tgz
70 verbose folder C:\Users\ADMINI~1\AppData\Local\Temp\npm-12568-9sBN4qgw\1383384059615-0.3601805616635829\package
71 silly lockFile f89fcf25-59615-0-3601805616635829-package tar://C:\Users\ADMINI~1\AppData\Local\Temp\npm-12568-9sBN4qgw\1383384059615-0.3601805616635829\package
72 verbose lock tar://C:\Users\ADMINI~1\AppData\Local\Temp\npm-12568-9sBN4qgw\1383384059615-0.3601805616635829\package C:\Users\Administrator\AppData\Roaming\npm-cache\f89fcf25-59615-0-3601805616635829-package.lock
73 silly lockFile c6abae07-winkyfirstnode-0-0-2-package-tgz tar://C:\Users\Administrator\AppData\Roaming\npm-cache\winkyfirstnode\0.0.2\package.tgz
74 verbose lock tar://C:\Users\Administrator\AppData\Roaming\npm-cache\winkyfirstnode\0.0.2\package.tgz C:\Users\Administrator\AppData\Roaming\npm-cache\c6abae07-winkyfirstnode-0-0-2-package-tgz.lock
75 silly lockFile f89fcf25-59615-0-3601805616635829-package tar://C:\Users\ADMINI~1\AppData\Local\Temp\npm-12568-9sBN4qgw\1383384059615-0.3601805616635829\package
76 silly lockFile f89fcf25-59615-0-3601805616635829-package tar://C:\Users\ADMINI~1\AppData\Local\Temp\npm-12568-9sBN4qgw\1383384059615-0.3601805616635829\package
77 silly lockFile c6abae07-winkyfirstnode-0-0-2-package-tgz tar://C:\Users\Administrator\AppData\Roaming\npm-cache\winkyfirstnode\0.0.2\package.tgz
78 silly lockFile c6abae07-winkyfirstnode-0-0-2-package-tgz tar://C:\Users\Administrator\AppData\Roaming\npm-cache\winkyfirstnode\0.0.2\package.tgz
79 silly lockFile f69dfcf4-che-winkyfirstnode-0-0-2-package C:\Users\Administrator\AppData\Roaming\npm-cache\winkyfirstnode\0.0.2\package
80 verbose lock C:\Users\Administrator\AppData\Roaming\npm-cache\winkyfirstnode\0.0.2\package C:\Users\Administrator\AppData\Roaming\npm-cache\f69dfcf4-che-winkyfirstnode-0-0-2-package.lock
81 silly lockFile f69dfcf4-che-winkyfirstnode-0-0-2-package C:\Users\Administrator\AppData\Roaming\npm-cache\winkyfirstnode\0.0.2\package
82 silly lockFile f69dfcf4-che-winkyfirstnode-0-0-2-package C:\Users\Administrator\AppData\Roaming\npm-cache\winkyfirstnode\0.0.2\package
83 verbose tar unpack C:\Users\Administrator\AppData\Roaming\npm-cache\winkyfirstnode\0.0.2\package.tgz
84 silly lockFile 1a306d60-che-winkyfirstnode-0-0-2-package tar://C:\Users\Administrator\AppData\Roaming\npm-cache\winkyfirstnode\0.0.2\package
85 verbose lock tar://C:\Users\Administrator\AppData\Roaming\npm-cache\winkyfirstnode\0.0.2\package C:\Users\Administrator\AppData\Roaming\npm-cache\1a306d60-che-winkyfirstnode-0-0-2-package.lock
86 silly lockFile c6abae07-winkyfirstnode-0-0-2-package-tgz tar://C:\Users\Administrator\AppData\Roaming\npm-cache\winkyfirstnode\0.0.2\package.tgz
87 verbose lock tar://C:\Users\Administrator\AppData\Roaming\npm-cache\winkyfirstnode\0.0.2\package.tgz C:\Users\Administrator\AppData\Roaming\npm-cache\c6abae07-winkyfirstnode-0-0-2-package-tgz.lock
88 silly gunzTarPerm modes [ '755', '644' ]
89 silly gunzTarPerm extractEntry package.json
90 silly gunzTarPerm modified mode [ 'package.json', 438, 420 ]
91 silly gunzTarPerm extractEntry README.md
92 silly gunzTarPerm modified mode [ 'README.md', 438, 420 ]
93 silly gunzTarPerm extractEntry index.js
94 silly gunzTarPerm modified mode [ 'index.js', 438, 420 ]
95 silly gunzTarPerm extractEntry .idea/.name
96 silly gunzTarPerm modified mode [ '.idea/.name', 438, 420 ]
97 silly gunzTarPerm extractEntry .idea/encodings.xml
98 silly gunzTarPerm modified mode [ '.idea/encodings.xml', 438, 420 ]
99 silly gunzTarPerm extractEntry .idea/misc.xml
100 silly gunzTarPerm modified mode [ '.idea/misc.xml', 438, 420 ]
101 silly gunzTarPerm extractEntry .idea/modules.xml
102 silly gunzTarPerm modified mode [ '.idea/modules.xml', 438, 420 ]
103 silly gunzTarPerm extractEntry .idea/scopes/scope_settings.xml
104 silly gunzTarPerm modified mode [ '.idea/scopes/scope_settings.xml', 438, 420 ]
105 silly gunzTarPerm extractEntry .idea/stuwebfk.iml
106 silly gunzTarPerm modified mode [ '.idea/stuwebfk.iml', 438, 420 ]
107 silly gunzTarPerm extractEntry .idea/vcs.xml
108 silly gunzTarPerm modified mode [ '.idea/vcs.xml', 438, 420 ]
109 silly gunzTarPerm extractEntry .idea/workspace.xml
110 silly gunzTarPerm modified mode [ '.idea/workspace.xml', 438, 420 ]
111 silly gunzTarPerm extractEntry example01/show_middle/middle01.js
112 silly gunzTarPerm modified mode [ 'example01/show_middle/middle01.js', 438, 420 ]
113 silly gunzTarPerm extractEntry example01/show_middle/middle02.js
114 silly gunzTarPerm modified mode [ 'example01/show_middle/middle02.js', 438, 420 ]
115 silly gunzTarPerm extractEntry example01/show_middle/run.js
116 silly gunzTarPerm modified mode [ 'example01/show_middle/run.js', 438, 420 ]
117 silly gunzTarPerm extractEntry example01/test_method/run.js
118 silly gunzTarPerm modified mode [ 'example01/test_method/run.js', 438, 420 ]
119 silly gunzTarPerm extractEntry example01/test_method/public/page.html
120 silly gunzTarPerm modified mode [ 'example01/test_method/public/page.html', 438, 420 ]
121 silly gunzTarPerm extractEntry lib/App.js
122 silly gunzTarPerm modified mode [ 'lib/App.js', 438, 420 ]
123 silly gunzTarPerm extractEntry lib/static.js
124 silly gunzTarPerm modified mode [ 'lib/static.js', 438, 420 ]
125 silly lockFile 1a306d60-che-winkyfirstnode-0-0-2-package tar://C:\Users\Administrator\AppData\Roaming\npm-cache\winkyfirstnode\0.0.2\package
126 silly lockFile 1a306d60-che-winkyfirstnode-0-0-2-package tar://C:\Users\Administrator\AppData\Roaming\npm-cache\winkyfirstnode\0.0.2\package
127 silly lockFile c6abae07-winkyfirstnode-0-0-2-package-tgz tar://C:\Users\Administrator\AppData\Roaming\npm-cache\winkyfirstnode\0.0.2\package.tgz
128 silly lockFile c6abae07-winkyfirstnode-0-0-2-package-tgz tar://C:\Users\Administrator\AppData\Roaming\npm-cache\winkyfirstnode\0.0.2\package.tgz
129 verbose chmod C:\Users\Administrator\AppData\Roaming\npm-cache\winkyfirstnode\0.0.2\package.tgz 644
130 silly chown skipping for windows C:\Users\Administrator\AppData\Roaming\npm-cache\winkyfirstnode\0.0.2\package.tgz
131 silly lockFile 3a52ce78- .
132 silly lockFile 3a52ce78- .
133 silly publish { name: 'winkyfirstnode',
133 silly publish   version: '0.0.2',
133 silly publish   description: 'jsfuns',
133 silly publish   main: 'index.js',
133 silly publish   directories: { example: 'example' },
133 silly publish   scripts: { test: 'echo "Error: no test specified" && exit 1' },
133 silly publish   repository: { type: 'git', url: 'https://github.com/hutufeia2009/stuwebfk' },
133 silly publish   keywords: [ 'stuwebfk' ],
133 silly publish   author: { name: 'winky' },
133 silly publish   license: 'BSD-2-Clause',
133 silly publish   bugs: { url: 'https://github.com/hutufeia2009/stuwebfk/issues' },
133 silly publish   readme: 'stuwebfk\r\n========\r\n\r\njsfuns study\r\n',
133 silly publish   readmeFilename: 'README.md',
133 silly publish   _id: 'winkyfirstnode@0.0.2',
133 silly publish   dist: { shasum: '334955ce25aad608b72f4433d1282f3199327b3d' },
133 silly publish   _from: '.' }
134 verbose url raw winkyfirstnode
135 verbose url resolving [ 'https://registry.npmjs.org/', './winkyfirstnode' ]
136 verbose url resolved https://registry.npmjs.org/winkyfirstnode
137 info trying registry request attempt 1 at 17:21:00
138 http PUT https://registry.npmjs.org/winkyfirstnode
139 http 409 https://registry.npmjs.org/winkyfirstnode
140 verbose url raw winkyfirstnode
141 verbose url resolving [ 'https://registry.npmjs.org/', './winkyfirstnode' ]
142 verbose url resolved https://registry.npmjs.org/winkyfirstnode
143 info trying registry request attempt 1 at 17:21:02
144 http GET https://registry.npmjs.org/winkyfirstnode
145 http 200 https://registry.npmjs.org/winkyfirstnode
146 error publish fail Cannot publish over existing version.
146 error publish fail Update the 'version' field in package.json and try again.
146 error publish fail
146 error publish fail If the previous version was published in error, see:
146 error publish fail     npm help unpublish
146 error publish fail
146 error publish fail To automatically increment version numbers, see:
146 error publish fail     npm help version
147 error System Windows_NT 6.1.7601
148 error command "D:\\nodist\\bin\\\\node.exe" "D:\\nodist\\bin\\node_modules\\npm\\cli.js" "publish"
149 error cwd E:\webStormWork\stuwebfk
150 error node -v v0.10.20
151 error npm -v 1.3.11
152 error code EPUBLISHCONFLICT
153 verbose exit [ 1, true ]
